<?xml version="1.0" encoding="UTF-8"?>
<!-- Generated by org.testng.reporters.JUnitXMLReporter -->
<testsuite ignored="0" hostname="DESKTOP-K60HUMI" failures="0" tests="7" name="Test" time="141.581" errors="0" timestamp="2023-08-01T20:39:15 IST">
  <testcase classname="tests.FlipkartLazyLoadingTest" name="testFlipkartHomepageLoadTime" time="5.378"/>
  <testcase classname="tests.FlipkartLazyLoadingTest" name="testSearchProductInMobileCategory" time="11.205"/>
  <testcase classname="tests.FlipkartLazyLoadingTest" name="testImageLoadingAndVisibility" time="115.838"/>
  <testcase classname="tests.FlipkartLazyLoadingTest" name="testScrollFeatureAndContentRefresh" time="0.059"/>
  <testcase classname="tests.FlipkartLazyLoadingTest" name="testLazyLoading" time="0.531"/>
  <testcase classname="tests.FlipkartLazyLoadingTest" name="testNavigationToBottom" time="0.069"/>
  <testcase classname="tests.FlipkartLazyLoadingTest" name="testCrossBrowserAndScreenResolution" time="1.399"/>
</testsuite> <!-- Test -->
